# JRE version: OpenJDK Runtime Environment (11.0.2+9) (build 11.0.2+9)
# Java VM: OpenJDK 64-Bit Server VM (11.0.2+9, mixed mode, tiered, compressed oops, g1 gc, windows-amd64)
Heap:
 garbage-first heap   total 131072K, used 50238K [0x0000000080000000, 0x0000000100000000)
  region size 1024K, 7 young (7168K), 5 survivors (5120K)
 Metaspace       used 70230K, capacity 72047K, committed 72140K, reserved 579584K
  class space    used 9220K, capacity 9964K, committed 9984K, reserved 516096K
GC Heap History (10 events):
Event: 78.408 GC heap before
{Heap before GC invocations=14 (full 0):
 garbage-first heap   total 131072K, used 93186K [0x0000000080000000, 0x0000000100000000)
  region size 1024K, 58 young (59392K), 5 survivors (5120K)
 Metaspace       used 57188K, capacity 58677K, committed 58956K, reserved 567296K
  class space    used 7397K, capacity 7989K, committed 8064K, reserved 516096K
}
Event: 78.421 GC heap after
{Heap after GC invocations=15 (full 0):
 garbage-first heap   total 131072K, used 43843K [0x0000000080000000, 0x0000000100000000)
  region size 1024K, 8 young (8192K), 8 survivors (8192K)
 Metaspace       used 57188K, capacity 58677K, committed 58956K, reserved 567296K
  class space    used 7397K, capacity 7989K, committed 8064K, reserved 516096K
}
Event: 78.642 GC heap before
{Heap before GC invocations=15 (full 0):
 garbage-first heap   total 131072K, used 46915K [0x0000000080000000, 0x0000000100000000)
  region size 1024K, 12 young (12288K), 8 survivors (8192K)
 Metaspace       used 58611K, capacity 60160K, committed 60288K, reserved 569344K
  class space    used 7576K, capacity 8185K, committed 8192K, reserved 516096K
}
Event: 78.659 GC heap after
{Heap after GC invocations=16 (full 0):
 garbage-first heap   total 131072K, used 45570K [0x0000000080000000, 0x0000000100000000)
  region size 1024K, 2 young (2048K), 2 survivors (2048K)
 Metaspace       used 58611K, capacity 60160K, committed 60288K, reserved 569344K
  class space    used 7576K, capacity 8185K, committed 8192K, reserved 516096K
}
Event: 79.439 GC heap before
{Heap before GC invocations=17 (full 0):
 garbage-first heap   total 131072K, used 78338K [0x0000000080000000, 0x0000000100000000)
  region size 1024K, 34 young (34816K), 2 survivors (2048K)
 Metaspace       used 61406K, capacity 63043K, committed 63180K, reserved 571392K
  class space    used 8046K, capacity 8680K, committed 8704K, reserved 516096K
}
Event: 79.449 GC heap after
{Heap after GC invocations=18 (full 0):
 garbage-first heap   total 131072K, used 45605K [0x0000000080000000, 0x0000000100000000)
  region size 1024K, 2 young (2048K), 2 survivors (2048K)
 Metaspace       used 61406K, capacity 63043K, committed 63180K, reserved 571392K
  class space    used 8046K, capacity 8680K, committed 8704K, reserved 516096K
}
Event: 81.482 GC heap before
{Heap before GC invocations=19 (full 0):
 garbage-first heap   total 131072K, used 82469K [0x0000000080000000, 0x0000000100000000)
  region size 1024K, 38 young (38912K), 2 survivors (2048K)
 Metaspace       used 64489K, capacity 66116K, committed 66252K, reserved 573440K
  class space    used 8470K, capacity 9150K, committed 9216K, reserved 516096K
}
Event: 81.496 GC heap after
{Heap after GC invocations=20 (full 0):
 garbage-first heap   total 131072K, used 46848K [0x0000000080000000, 0x0000000100000000)
  region size 1024K, 3 young (3072K), 3 survivors (3072K)
 Metaspace       used 64489K, capacity 66116K, committed 66252K, reserved 573440K
  class space    used 8470K, capacity 9150K, committed 9216K, reserved 516096K
}
Event: 82.938 GC heap before
{Heap before GC invocations=20 (full 0):
 garbage-first heap   total 131072K, used 86784K [0x0000000080000000, 0x0000000100000000)
  region size 1024K, 42 young (43008K), 3 survivors (3072K)
 Metaspace       used 67076K, capacity 68708K, committed 68940K, reserved 575488K
  class space    used 8827K, capacity 9502K, committed 9600K, reserved 516096K
}
Event: 82.953 GC heap after
{Heap after GC invocations=21 (full 0):
 garbage-first heap   total 131072K, used 47332K [0x0000000080000000, 0x0000000100000000)
  region size 1024K, 4 young (4096K), 4 survivors (4096K)
 Metaspace       used 67076K, capacity 68708K, committed 68940K, reserved 575488K
  class space    used 8827K, capacity 9502K, committed 9600K, reserved 516096K
}

