# JRE version: OpenJDK Runtime Environment (11.0.2+9) (build 11.0.2+9)
# Java VM: OpenJDK 64-Bit Server VM (11.0.2+9, mixed mode, tiered, compressed oops, g1 gc, windows-amd64)
Heap:
 garbage-first heap   total 683008K, used 278231K [0x0000000080000000, 0x0000000100000000)
  region size 1024K, 5 young (5120K), 5 survivors (5120K)
 Metaspace       used 131014K, capacity 136197K, committed 137164K, reserved 634880K
  class space    used 16752K, capacity 18737K, committed 18996K, reserved 516096K
GC Heap History (10 events):
Event: 6831.749 GC heap after
{Heap after GC invocations=179 (full 0):
 garbage-first heap   total 421888K, used 242439K [0x0000000080000000, 0x0000000100000000)
  region size 1024K, 9 young (9216K), 9 survivors (9216K)
 Metaspace       used 130652K, capacity 135844K, committed 136908K, reserved 634880K
  class space    used 16727K, capacity 18698K, committed 18996K, reserved 516096K
}
Event: 6832.977 GC heap before
{Heap before GC invocations=180 (full 0):
 garbage-first heap   total 421888K, used 298759K [0x0000000080000000, 0x0000000100000000)
  region size 1024K, 64 young (65536K), 9 survivors (9216K)
 Metaspace       used 130719K, capacity 135863K, committed 136908K, reserved 634880K
  class space    used 16729K, capacity 18702K, committed 18996K, reserved 516096K
}
Event: 6833.024 GC heap after
{Heap after GC invocations=181 (full 0):
 garbage-first heap   total 421888K, used 248005K [0x0000000080000000, 0x0000000100000000)
  region size 1024K, 8 young (8192K), 8 survivors (8192K)
 Metaspace       used 130719K, capacity 135863K, committed 136908K, reserved 634880K
  class space    used 16729K, capacity 18702K, committed 18996K, reserved 516096K
}
Event: 6833.368 GC heap before
{Heap before GC invocations=181 (full 0):
 garbage-first heap   total 421888K, used 260293K [0x0000000080000000, 0x0000000100000000)
  region size 1024K, 20 young (20480K), 8 survivors (8192K)
 Metaspace       used 130758K, capacity 135936K, committed 136908K, reserved 634880K
  class space    used 16730K, capacity 18704K, committed 18996K, reserved 516096K
}
Event: 6833.447 GC heap after
{Heap after GC invocations=182 (full 0):
 garbage-first heap   total 421888K, used 249738K [0x0000000080000000, 0x0000000100000000)
  region size 1024K, 3 young (3072K), 3 survivors (3072K)
 Metaspace       used 130758K, capacity 135936K, committed 136908K, reserved 634880K
  class space    used 16730K, capacity 18704K, committed 18996K, reserved 516096K
}
Event: 6835.793 GC heap before
{Heap before GC invocations=182 (full 0):
 garbage-first heap   total 421888K, used 327562K [0x0000000080000000, 0x0000000100000000)
  region size 1024K, 79 young (80896K), 3 survivors (3072K)
 Metaspace       used 130866K, capacity 136093K, committed 137164K, reserved 634880K
  class space    used 16734K, capacity 18708K, committed 18996K, reserved 516096K
}
Event: 6835.903 GC heap after
{Heap after GC invocations=183 (full 0):
 garbage-first heap   total 421888K, used 263680K [0x0000000080000000, 0x0000000100000000)
  region size 1024K, 10 young (10240K), 10 survivors (10240K)
 Metaspace       used 130866K, capacity 136093K, committed 137164K, reserved 634880K
  class space    used 16734K, capacity 18708K, committed 18996K, reserved 516096K
}
Event: 6837.510 GC heap before
{Heap before GC invocations=183 (full 0):
 garbage-first heap   total 421888K, used 335360K [0x0000000080000000, 0x0000000100000000)
  region size 1024K, 80 young (81920K), 10 survivors (10240K)
 Metaspace       used 130921K, capacity 136105K, committed 137164K, reserved 634880K
  class space    used 16737K, capacity 18711K, committed 18996K, reserved 516096K
}
Event: 6837.613 GC heap after
{Heap after GC invocations=184 (full 0):
 garbage-first heap   total 421888K, used 273193K [0x0000000080000000, 0x0000000100000000)
  region size 1024K, 9 young (9216K), 9 survivors (9216K)
 Metaspace       used 130921K, capacity 136105K, committed 137164K, reserved 634880K
  class space    used 16737K, capacity 18711K, committed 18996K, reserved 516096K
}
Event: 6842.702 GC heap before
{Heap before GC invocations=185 (full 0):
 garbage-first heap   total 421888K, used 341801K [0x0000000080000000, 0x0000000100000000)
  region size 1024K, 76 young (77824K), 9 survivors (9216K)
 Metaspace       used 131014K, capacity 136197K, committed 137164K, reserved 634880K
  class space    used 16752K, capacity 18737K, committed 18996K, reserved 516096K
}

