# JRE version: OpenJDK Runtime Environment (11.0.2+9) (build 11.0.2+9)
# Java VM: OpenJDK 64-Bit Server VM (11.0.2+9, mixed mode, tiered, compressed oops, g1 gc, windows-amd64)
Heap:
 garbage-first heap   total 273408K, used 203590K [0x0000000080000000, 0x0000000100000000)
  region size 1024K, 37 young (37888K), 7 survivors (7168K)
 Metaspace       used 112861K, capacity 116831K, committed 117068K, reserved 618496K
  class space    used 14930K, capacity 16429K, committed 16460K, reserved 516096K
GC Heap History (10 events):
Event: 221.529 GC heap before
{Heap before GC invocations=69 (full 0):
 garbage-first heap   total 273408K, used 195147K [0x0000000080000000, 0x0000000100000000)
  region size 1024K, 49 young (50176K), 2 survivors (2048K)
 Metaspace       used 104927K, capacity 108341K, committed 108492K, reserved 610304K
  class space    used 13903K, capacity 15217K, committed 15308K, reserved 516096K
}
Event: 221.541 GC heap after
{Heap after GC invocations=70 (full 0):
 garbage-first heap   total 273408K, used 150774K [0x0000000080000000, 0x0000000100000000)
  region size 1024K, 5 young (5120K), 5 survivors (5120K)
 Metaspace       used 104927K, capacity 108341K, committed 108492K, reserved 610304K
  class space    used 13903K, capacity 15217K, committed 15308K, reserved 516096K
}
Event: 222.364 GC heap before
{Heap before GC invocations=70 (full 0):
 garbage-first heap   total 273408K, used 167158K [0x0000000080000000, 0x0000000100000000)
  region size 1024K, 23 young (23552K), 5 survivors (5120K)
 Metaspace       used 105174K, capacity 108680K, committed 108748K, reserved 610304K
  class space    used 13928K, capacity 15274K, committed 15308K, reserved 516096K
}
Event: 222.383 GC heap after
{Heap after GC invocations=71 (full 0):
 garbage-first heap   total 273408K, used 154358K [0x0000000080000000, 0x0000000100000000)
  region size 1024K, 4 young (4096K), 4 survivors (4096K)
 Metaspace       used 105174K, capacity 108680K, committed 108748K, reserved 610304K
  class space    used 13928K, capacity 15274K, committed 15308K, reserved 516096K
}
Event: 223.835 GC heap before
{Heap before GC invocations=72 (full 0):
 garbage-first heap   total 273408K, used 199414K [0x0000000080000000, 0x0000000100000000)
  region size 1024K, 47 young (48128K), 4 survivors (4096K)
 Metaspace       used 107237K, capacity 110769K, committed 110924K, reserved 612352K
  class space    used 14191K, capacity 15583K, committed 15692K, reserved 516096K
}
Event: 223.850 GC heap after
{Heap after GC invocations=73 (full 0):
 garbage-first heap   total 273408K, used 159904K [0x0000000080000000, 0x0000000100000000)
  region size 1024K, 6 young (6144K), 6 survivors (6144K)
 Metaspace       used 107237K, capacity 110769K, committed 110924K, reserved 612352K
  class space    used 14191K, capacity 15583K, committed 15692K, reserved 516096K
}
Event: 226.036 GC heap before
{Heap before GC invocations=73 (full 0):
 garbage-first heap   total 273408K, used 204960K [0x0000000080000000, 0x0000000100000000)
  region size 1024K, 50 young (51200K), 6 survivors (6144K)
 Metaspace       used 110192K, capacity 114013K, committed 114252K, reserved 614400K
  class space    used 14653K, capacity 16127K, committed 16204K, reserved 516096K
}
Event: 226.070 GC heap after
{Heap after GC invocations=74 (full 0):
 garbage-first heap   total 273408K, used 166899K [0x0000000080000000, 0x0000000100000000)
  region size 1024K, 7 young (7168K), 7 survivors (7168K)
 Metaspace       used 110192K, capacity 114013K, committed 114252K, reserved 614400K
  class space    used 14653K, capacity 16127K, committed 16204K, reserved 516096K
}
Event: 228.743 GC heap before
{Heap before GC invocations=75 (full 0):
 garbage-first heap   total 273408K, used 210931K [0x0000000080000000, 0x0000000100000000)
  region size 1024K, 50 young (51200K), 7 survivors (7168K)
 Metaspace       used 112672K, capacity 116529K, committed 116812K, reserved 616448K
  class space    used 14919K, capacity 16394K, committed 16460K, reserved 516096K
}
Event: 228.789 GC heap after
{Heap after GC invocations=76 (full 0):
 garbage-first heap   total 273408K, used 173894K [0x0000000080000000, 0x0000000100000000)
  region size 1024K, 7 young (7168K), 7 survivors (7168K)
 Metaspace       used 112672K, capacity 116529K, committed 116812K, reserved 616448K
  class space    used 14919K, capacity 16394K, committed 16460K, reserved 516096K
}

