# JRE version: OpenJDK Runtime Environment (11.0.2+9) (build 11.0.2+9)
# Java VM: OpenJDK 64-Bit Server VM (11.0.2+9, mixed mode, tiered, compressed oops, g1 gc, windows-amd64)
Heap:
 garbage-first heap   total 131072K, used 65835K [0x0000000080000000, 0x0000000100000000)
  region size 1024K, 26 young (26624K), 4 survivors (4096K)
 Metaspace       used 63670K, capacity 65401K, committed 65536K, reserved 573440K
  class space    used 8372K, capacity 9075K, committed 9088K, reserved 516096K
GC Heap History (10 events):
Event: 53.421 GC heap before
{Heap before GC invocations=11 (full 0):
 garbage-first heap   total 131072K, used 96554K [0x0000000080000000, 0x0000000100000000)
  region size 1024K, 75 young (76800K), 9 survivors (9216K)
 Metaspace       used 45112K, capacity 46310K, committed 46540K, reserved 557056K
  class space    used 5779K, capacity 6288K, committed 6400K, reserved 516096K
}
Event: 53.472 GC heap after
{Heap after GC invocations=12 (full 0):
 garbage-first heap   total 131072K, used 31307K [0x0000000080000000, 0x0000000100000000)
  region size 1024K, 4 young (4096K), 4 survivors (4096K)
 Metaspace       used 45112K, capacity 46310K, committed 46540K, reserved 557056K
  class space    used 5779K, capacity 6288K, committed 6400K, reserved 516096K
}
Event: 62.739 GC heap before
{Heap before GC invocations=12 (full 0):
 garbage-first heap   total 131072K, used 97867K [0x0000000080000000, 0x0000000100000000)
  region size 1024K, 69 young (70656K), 4 survivors (4096K)
 Metaspace       used 49977K, capacity 51281K, committed 51404K, reserved 561152K
  class space    used 6498K, capacity 7047K, committed 7168K, reserved 516096K
}
Event: 62.769 GC heap after
{Heap after GC invocations=13 (full 0):
 garbage-first heap   total 131072K, used 32731K [0x0000000080000000, 0x0000000100000000)
  region size 1024K, 5 young (5120K), 5 survivors (5120K)
 Metaspace       used 49977K, capacity 51281K, committed 51404K, reserved 561152K
  class space    used 6498K, capacity 7047K, committed 7168K, reserved 516096K
}
Event: 74.361 GC heap before
{Heap before GC invocations=13 (full 0):
 garbage-first heap   total 131072K, used 104411K [0x0000000080000000, 0x0000000100000000)
  region size 1024K, 71 young (72704K), 5 survivors (5120K)
 Metaspace       used 55929K, capacity 57447K, committed 57676K, reserved 567296K
  class space    used 7344K, capacity 7975K, committed 8064K, reserved 516096K
}
Event: 74.381 GC heap after
{Heap after GC invocations=14 (full 0):
 garbage-first heap   total 131072K, used 40775K [0x0000000080000000, 0x0000000100000000)
  region size 1024K, 9 young (9216K), 9 survivors (9216K)
 Metaspace       used 55929K, capacity 57447K, committed 57676K, reserved 567296K
  class space    used 7344K, capacity 7975K, committed 8064K, reserved 516096K
}
Event: 76.575 GC heap before
{Heap before GC invocations=14 (full 0):
 garbage-first heap   total 131072K, used 70471K [0x0000000080000000, 0x0000000100000000)
  region size 1024K, 39 young (39936K), 9 survivors (9216K)
 Metaspace       used 58497K, capacity 60118K, committed 60288K, reserved 569344K
  class space    used 7696K, capacity 8371K, committed 8448K, reserved 516096K
}
Event: 76.614 GC heap after
{Heap after GC invocations=15 (full 0):
 garbage-first heap   total 131072K, used 42092K [0x0000000080000000, 0x0000000100000000)
  region size 1024K, 6 young (6144K), 6 survivors (6144K)
 Metaspace       used 58497K, capacity 60118K, committed 60288K, reserved 569344K
  class space    used 7696K, capacity 8371K, committed 8448K, reserved 516096K
}
Event: 78.273 GC heap before
{Heap before GC invocations=16 (full 0):
 garbage-first heap   total 131072K, used 98412K [0x0000000080000000, 0x0000000100000000)
  region size 1024K, 61 young (62464K), 6 survivors (6144K)
 Metaspace       used 62215K, capacity 63836K, committed 64128K, reserved 571392K
  class space    used 8183K, capacity 8860K, committed 8960K, reserved 516096K
}
Event: 78.299 GC heap after
{Heap after GC invocations=17 (full 0):
 garbage-first heap   total 131072K, used 44331K [0x0000000080000000, 0x0000000100000000)
  region size 1024K, 4 young (4096K), 4 survivors (4096K)
 Metaspace       used 62215K, capacity 63836K, committed 64128K, reserved 571392K
  class space    used 8183K, capacity 8860K, committed 8960K, reserved 516096K
}

