# JRE version: OpenJDK Runtime Environment (11.0.2+9) (build 11.0.2+9)
# Java VM: OpenJDK 64-Bit Server VM (11.0.2+9, mixed mode, tiered, compressed oops, g1 gc, windows-amd64)
Heap:
 garbage-first heap   total 131072K, used 90495K [0x0000000080000000, 0x0000000100000000)
  region size 1024K, 27 young (27648K), 5 survivors (5120K)
 Metaspace       used 84006K, capacity 86173K, committed 86280K, reserved 591872K
  class space    used 10947K, capacity 11860K, committed 11904K, reserved 516096K
GC Heap History (10 events):
Event: 324.639 GC heap before
{Heap before GC invocations=18 (full 0):
 garbage-first heap   total 131072K, used 110968K [0x0000000080000000, 0x0000000100000000)
  region size 1024K, 64 young (65536K), 9 survivors (9216K)
 Metaspace       used 74558K, capacity 76687K, committed 76936K, reserved 583680K
  class space    used 9781K, capacity 10653K, committed 10752K, reserved 516096K
}
Event: 324.689 GC heap after
{Heap after GC invocations=19 (full 0):
 garbage-first heap   total 131072K, used 60812K [0x0000000080000000, 0x0000000100000000)
  region size 1024K, 7 young (7168K), 7 survivors (7168K)
 Metaspace       used 74558K, capacity 76687K, committed 76936K, reserved 583680K
  class space    used 9781K, capacity 10653K, committed 10752K, reserved 516096K
}
Event: 339.210 GC heap before
{Heap before GC invocations=19 (full 0):
 garbage-first heap   total 131072K, used 106892K [0x0000000080000000, 0x0000000100000000)
  region size 1024K, 49 young (50176K), 7 survivors (7168K)
 Metaspace       used 79167K, capacity 81327K, committed 81544K, reserved 587776K
  class space    used 10280K, capacity 11173K, committed 11264K, reserved 516096K
}
Event: 339.237 GC heap after
{Heap after GC invocations=20 (full 0):
 garbage-first heap   total 131072K, used 69534K [0x0000000080000000, 0x0000000100000000)
  region size 1024K, 6 young (6144K), 6 survivors (6144K)
 Metaspace       used 79167K, capacity 81327K, committed 81544K, reserved 587776K
  class space    used 10280K, capacity 11173K, committed 11264K, reserved 516096K
}
Event: 348.320 GC heap before
{Heap before GC invocations=21 (full 0):
 garbage-first heap   total 131072K, used 108446K [0x0000000080000000, 0x0000000100000000)
  region size 1024K, 42 young (43008K), 6 survivors (6144K)
 Metaspace       used 82236K, capacity 84439K, committed 84744K, reserved 589824K
  class space    used 10666K, capacity 11565K, committed 11648K, reserved 516096K
}
Event: 348.333 GC heap after
{Heap after GC invocations=22 (full 0):
 garbage-first heap   total 131072K, used 66790K [0x0000000080000000, 0x0000000100000000)
  region size 1024K, 3 young (3072K), 3 survivors (3072K)
 Metaspace       used 82236K, capacity 84439K, committed 84744K, reserved 589824K
  class space    used 10666K, capacity 11565K, committed 11648K, reserved 516096K
}
Event: 350.222 GC heap before
{Heap before GC invocations=22 (full 0):
 garbage-first heap   total 131072K, used 71910K [0x0000000080000000, 0x0000000100000000)
  region size 1024K, 9 young (9216K), 3 survivors (3072K)
 Metaspace       used 82687K, capacity 84894K, committed 85000K, reserved 589824K
  class space    used 10740K, capacity 11630K, committed 11648K, reserved 516096K
}
Event: 350.229 GC heap after
{Heap after GC invocations=23 (full 0):
 garbage-first heap   total 131072K, used 67072K [0x0000000080000000, 0x0000000100000000)
  region size 1024K, 3 young (3072K), 3 survivors (3072K)
 Metaspace       used 82687K, capacity 84894K, committed 85000K, reserved 589824K
  class space    used 10740K, capacity 11630K, committed 11648K, reserved 516096K
}
Event: 357.567 GC heap before
{Heap before GC invocations=24 (full 0):
 garbage-first heap   total 131072K, used 105984K [0x0000000080000000, 0x0000000100000000)
  region size 1024K, 40 young (40960K), 3 survivors (3072K)
 Metaspace       used 83897K, capacity 86160K, committed 86280K, reserved 591872K
  class space    used 10937K, capacity 11857K, committed 11904K, reserved 516096K
}
Event: 357.582 GC heap after
{Heap after GC invocations=25 (full 0):
 garbage-first heap   total 131072K, used 68991K [0x0000000080000000, 0x0000000100000000)
  region size 1024K, 5 young (5120K), 5 survivors (5120K)
 Metaspace       used 83897K, capacity 86160K, committed 86280K, reserved 591872K
  class space    used 10937K, capacity 11857K, committed 11904K, reserved 516096K
}

